
Logging at WARNING level
Logging at ERROR level
Message didn't sent
Logging at WARNING level
Logging at ERROR level
Logging at WARNING level
Logging at ERROR level
Message didn't sent
Logging at WARNING level
Logging at ERROR level
Message didn't sent
Logging at WARNING level
Logging at ERROR level
Message didn't sent
Logging at WARNING level
Logging at ERROR level
Message didn't sent
Logging at WARNING level
Logging at ERROR level
Message didn't sent
Logging at WARNING level
Logging at ERROR level
Message didn't sent
Logging at WARNING level
Logging at ERROR level
Message didn't sent
Student info was edit
Student has been added
Student was deleted
